<?xml version="1.0" encoding="UTF-8"?>
<testsuite name="TestSuite" time="0" tests="0" errors="0" skipped="0" failures="0">
  <properties>
    <property name="PROCESSOR_ARCHITECTURE" value="x86"/>
    <property name="file.encoding.pkg" value="sun.io"/>
    <property name="LOGONSERVER" value="\\STLCOLODC02"/>
    <property name="classpath" value=""/>
    <property name="ProgramData" value="C:\ProgramData"/>
    <property name="java.home" value="C:\Program Files (x86)\Java\jdk1.8.0_311\jre"/>
    <property name="NODE_NAME" value="built-in"/>
    <property name="JENKINS_URL" value="http://localhost:8080/jenkins/"/>
    <property name="ALLUSERSPROFILE" value="C:\ProgramData"/>
    <property name="java.endorsed.dirs" value="C:\Program Files (x86)\Java\jdk1.8.0_311\jre\lib\endorsed"/>
    <property name="PSModulePath" value="C:\Program Files\WindowsPowerShell\Modules;C:\windows\system32\WindowsPowerShell\v1.0\Modules"/>
    <property name="=::" value="::\"/>
    <property name="USERDOMAIN" value="PERFICIENT"/>
    <property name="sun.os.patch.level" value=""/>
    <property name="java.vendor.url" value="http://java.oracle.com/"/>
    <property name="CommonProgramFiles(x86)" value="C:\Program Files (x86)\Common Files"/>
    <property name="java.version" value="1.8.0_311"/>
    <property name="JOB_NAME" value="Maven project"/>
    <property name="COMPUTERNAME" value="PRFT-16715"/>
    <property name="java.vendor.url.bug" value="http://bugreport.sun.com/bugreport/"/>
    <property name="PUBLIC" value="C:\Users\Public"/>
    <property name="user.name" value="gavin.broussard"/>
    <property name="sun.io.unicode.encoding" value="UnicodeLittle"/>
    <property name="sun.jnu.encoding" value="Cp1252"/>
    <property name="java.runtime.name" value="Java(TM) SE Runtime Environment"/>
    <property name="windir" value="C:\windows"/>
    <property name="PROCESSOR_IDENTIFIER" value="Intel64 Family 6 Model 141 Stepping 1, GenuineIntel"/>
    <property name="java.specification.name" value="Java Platform API Specification"/>
    <property name="LOCALAPPDATA" value="C:\Users\Gavin.Broussard\AppData\Local"/>
    <property name="RUN_CHANGES_DISPLAY_URL" value="http://localhost:8080/jenkins/job/Maven%20project/12/display/redirect?page=changes"/>
    <property name="user.timezone" value="America/Chicago"/>
    <property name="PROCESSOR_ARCHITEW6432" value="AMD64"/>
    <property name="user.script" value=""/>
    <property name="path.separator" value=";"/>
    <property name="NUMBER_OF_PROCESSORS" value="16"/>
    <property name="BUILD_TAG" value="jenkins-Maven project-12"/>
    <property name="file.encoding" value="Cp1252"/>
    <property name="sun.java.command" value="jenkins.maven3.agent.Maven35Main C:\Users\Gavin.Broussard\.jenkins\tools\hudson.tasks.Maven_MavenInstallation\Maven C:\Users\Gavin.Broussard\.jenkins\war\WEB-INF\lib\remoting-4.11.2.jar C:\Users\Gavin.Broussard\.jenkins\plugins\maven-plugin\WEB-INF\lib\maven35-interceptor-1.13.jar C:\Users\Gavin.Broussard\.jenkins\plugins\maven-plugin\WEB-INF\lib\maven3-interceptor-commons-1.13.jar 65368"/>
    <property name="HUDSON_URL" value="http://localhost:8080/jenkins/"/>
    <property name="JENKINS_SERVER_COOKIE" value="d9e8a794d47a8c8f"/>
    <property name="EXECUTOR_NUMBER" value="0"/>
    <property name="Path" value="C:\Program Files (x86)\Java\jdk1.8.0_311/bin;C:\Program Files (x86)\Common Files\Oracle\Java\javapath;C:\windows\system32;C:\windows;C:\windows\System32\Wbem;C:\windows\System32\WindowsPowerShell\v1.0\;C:\windows\System32\OpenSSH\;C:\Program Files (x86)\Pulse Secure\VC142.CRT\X64\;C:\Program Files (x86)\Pulse Secure\VC142.CRT\X86\;C:\Program Files\Git\cmd;C:\Program Files (x86)\Maven\apache-maven-3.8.4\bin;%JAVA_HOME%\bin;C:\Program Files\nodejs\;C:\Program Files (x86)\Java\jdk1.8.0_311\bin;C:\Users\Gavin.Broussard\AppData\Local\atom\bin;C:\Users\Gavin.Broussard\AppData\Roaming\npm"/>
    <property name="GIT_COMMIT" value="6f7a3c7787360336efc48d52579645d95d174a96"/>
    <property name="java.io.tmpdir" value="C:\Users\GAVIN~1.BRO\AppData\Local\Temp\"/>
    <property name="APPDATA" value="C:\Users\Gavin.Broussard\AppData\Roaming"/>
    <property name="user.language" value="en"/>
    <property name="line.separator" value="&#10;"/>
    <property name="BUILD_URL" value="http://localhost:8080/jenkins/job/Maven%20project/12/"/>
    <property name="M2_HOME" value="C:\Users\Gavin.Broussard\.jenkins\tools\hudson.tasks.Maven_MavenInstallation\Maven"/>
    <property name="=C:" value="C:\Users\Gavin.Broussard\Documents\Jenkins"/>
    <property name="ZES_ENABLE_SYSMAN" value="1"/>
    <property name="java.vm.info" value="mixed mode"/>
    <property name="DriverData" value="C:\Windows\System32\Drivers\DriverData"/>
    <property name="sun.desktop" value="windows"/>
    <property name="java.vm.specification.name" value="Java Virtual Machine Specification"/>
    <property name="CI" value="true"/>
    <property name="BUILD_DISPLAY_NAME" value="#12"/>
    <property name="OS" value="Windows_NT"/>
    <property name="guice.disable.misplaced.annotation.check" value="true"/>
    <property name="HUDSON_SERVER_COOKIE" value="d9e8a794d47a8c8f"/>
    <property name="WORKSPACE_TMP" value="C:\Users\Gavin.Broussard\.jenkins\workspace\Maven project@tmp"/>
    <property name="MAVEN_HOME" value="C:\Users\Gavin.Broussard\.jenkins\tools\hudson.tasks.Maven_MavenInstallation\Maven"/>
    <property name="SESSIONNAME" value="Console"/>
    <property name="PATHEXT" value=".COM;.EXE;.BAT;.CMD;.VBS;.VBE;.JS;.JSE;.WSF;.WSH;.MSC"/>
    <property name="java.awt.printerjob" value="sun.awt.windows.WPrinterJob"/>
    <property name="maven3.interceptor.common" value="C:\Users\Gavin.Broussard\.jenkins\plugins\maven-plugin\WEB-INF\lib\maven3-interceptor-commons-1.13.jar"/>
    <property name="jansi.mode" value="strip"/>
    <property name="HOMEPATH" value="\Users\Gavin.Broussard"/>
    <property name="os.name" value="Windows 10"/>
    <property name="java.specification.vendor" value="Oracle Corporation"/>
    <property name="java.vm.name" value="Java HotSpot(TM) Client VM"/>
    <property name="BUILD_NUMBER" value="12"/>
    <property name="maven3.interceptor" value="C:\Users\Gavin.Broussard\.jenkins\plugins\maven-plugin\WEB-INF\lib\maven35-interceptor-1.13.jar"/>
    <property name="java.library.path" value="C:\Program Files (x86)\Java\jdk1.8.0_311\bin;C:\windows\Sun\Java\bin;C:\windows\system32;C:\windows;C:\Users\Gavin.Broussard\.jenkins\tools\hudson.tasks.Maven_MavenInstallation\Maven/bin;C:\Program Files (x86)\Java\jdk1.8.0_311/bin;C:\Program Files (x86)\Java\jdk1.8.0_311/bin;C:\Program Files (x86)\Common Files\Oracle\Java\javapath;C:\windows\system32;C:\windows;C:\windows\System32\Wbem;C:\windows\System32\WindowsPowerShell\v1.0\;C:\windows\System32\OpenSSH\;C:\Program Files (x86)\Pulse Secure\VC142.CRT\X64\;C:\Program Files (x86)\Pulse Secure\VC142.CRT\X86\;C:\Program Files\Git\cmd;C:\Program Files (x86)\Maven\apache-maven-3.8.4\bin;%JAVA_HOME%\bin;C:\Program Files\nodejs\;C:\Program Files (x86)\Java\jdk1.8.0_311\bin;C:\Users\Gavin.Broussard\AppData\Local\atom\bin;C:\Users\Gavin.Broussard\AppData\Roaming\npm;."/>
    <property name="HOMEDRIVE" value="C:"/>
    <property name="POM_GROUPID" value="TEST"/>
    <property name="POM_ARTIFACTID" value="PerficientGDCSeleniumFrameworkMaven"/>
    <property name="java.class.version" value="52.0"/>
    <property name="JOB_URL" value="http://localhost:8080/jenkins/job/Maven%20project/"/>
    <property name="GIT_PREVIOUS_COMMIT" value="6f7a3c7787360336efc48d52579645d95d174a96"/>
    <property name="OneDrive" value="C:\Users\Gavin.Broussard\OneDrive"/>
    <property name="GIT_BRANCH" value="origin/main"/>
    <property name="RUN_DISPLAY_URL" value="http://localhost:8080/jenkins/job/Maven%20project/12/display/redirect"/>
    <property name="JENKINS_HOME" value="C:\Users\Gavin.Broussard\.jenkins"/>
    <property name="BUILD_ID" value="12"/>
    <property name="TEMP" value="C:\Users\GAVIN~1.BRO\AppData\Local\Temp"/>
    <property name="sun.boot.library.path" value="C:\Program Files (x86)\Java\jdk1.8.0_311\jre\bin"/>
    <property name="sun.management.compiler" value="HotSpot Client Compiler"/>
    <property name="java.awt.graphicsenv" value="sun.awt.Win32GraphicsEnvironment"/>
    <property name="user.variant" value=""/>
    <property name="PROCESSOR_REVISION" value="8d01"/>
    <property name="POM_VERSION" value="0.0.1-SNAPSHOT"/>
    <property name="HUDSON_HOME" value="C:\Users\Gavin.Broussard\.jenkins"/>
    <property name="GIT_PREVIOUS_SUCCESSFUL_COMMIT" value="6f7a3c7787360336efc48d52579645d95d174a96"/>
    <property name="ProgramFiles(x86)" value="C:\Program Files (x86)"/>
    <property name="PATH+MAVEN" value="C:\Users\Gavin.Broussard\.jenkins\tools\hudson.tasks.Maven_MavenInstallation\Maven/bin"/>
    <property name="USERDOMAIN_ROAMINGPROFILE" value="PERFICIENT"/>
    <property name="RUN_ARTIFACTS_DISPLAY_URL" value="http://localhost:8080/jenkins/job/Maven%20project/12/display/redirect?page=artifacts"/>
    <property name="PROMPT" value="$P$G"/>
    <property name="java.vm.specification.version" value="1.8"/>
    <property name="JAVA_HOME" value="C:\Program Files (x86)\Java\jdk1.8.0_311"/>
    <property name="awt.toolkit" value="sun.awt.windows.WToolkit"/>
    <property name="NODE_LABELS" value="built-in"/>
    <property name="sun.cpu.isalist" value="pentium_pro+mmx pentium_pro pentium+mmx pentium i486 i386 i86"/>
    <property name="USERPROFILE" value="C:\Users\Gavin.Broussard"/>
    <property name="__PSLockDownPolicy" value="0"/>
    <property name="JOB_DISPLAY_URL" value="http://localhost:8080/jenkins/job/Maven%20project/display/redirect"/>
    <property name="java.ext.dirs" value="C:\Program Files (x86)\Java\jdk1.8.0_311\jre\lib\ext;C:\windows\Sun\Java\lib\ext"/>
    <property name="os.version" value="10.0"/>
    <property name="user.home" value="C:\Users\Gavin.Broussard"/>
    <property name="USERNAME" value="gavin.broussard"/>
    <property name="java.vm.vendor" value="Oracle Corporation"/>
    <property name="PROCESSOR_LEVEL" value="6"/>
    <property name="USERDNSDOMAIN" value="PERFICIENT.COM"/>
    <property name="CommonProgramW6432" value="C:\Program Files\Common Files"/>
    <property name="user.dir" value="C:\Users\Gavin.Broussard\Documents\PageObjectSeleniumFramework - Latest\trunk"/>
    <property name="maven.conf" value="C:\Users\Gavin.Broussard\.jenkins\tools\hudson.tasks.Maven_MavenInstallation\Maven\conf"/>
    <property name="ProgramW6432" value="C:\Program Files"/>
    <property name="TMP" value="C:\Users\GAVIN~1.BRO\AppData\Local\Temp"/>
    <property name="sun.cpu.endian" value="little"/>
    <property name="SystemDrive" value="C:"/>
    <property name="java.vm.version" value="25.311-b11"/>
    <property name="java.class.path" value="C:\Users\Gavin.Broussard\.jenkins\plugins\maven-plugin\WEB-INF\lib\maven35-agent-1.13.jar;C:\Users\Gavin.Broussard\.jenkins\tools\hudson.tasks.Maven_MavenInstallation\Maven\boot\plexus-classworlds-2.6.0.jar;C:\Users\Gavin.Broussard\.jenkins\tools\hudson.tasks.Maven_MavenInstallation\Maven/conf/logging"/>
    <property name="org.slf4j.simpleLogger.defaultLogLevel" value="info"/>
    <property name="os.arch" value="x86"/>
    <property name="WORKSPACE" value="C:\Users\Gavin.Broussard\.jenkins\workspace\Maven project"/>
    <property name="ComSpec" value="C:\windows\system32\cmd.exe"/>
    <property name="RUN_TESTS_DISPLAY_URL" value="http://localhost:8080/jenkins/job/Maven%20project/12/display/redirect?page=tests"/>
    <property name="sun.java.launcher" value="SUN_STANDARD"/>
    <property name="FPS_BROWSER_APP_PROFILE_STRING" value="Internet Explorer"/>
    <property name="SystemRoot" value="C:\windows"/>
    <property name="CommonProgramFiles" value="C:\Program Files (x86)\Common Files"/>
    <property name="java.vm.specification.vendor" value="Oracle Corporation"/>
    <property name="FPS_BROWSER_USER_PROFILE_STRING" value="Default"/>
    <property name="file.separator" value="\"/>
    <property name="java.runtime.version" value="1.8.0_311-b11"/>
    <property name="ProgramFiles" value="C:\Program Files (x86)"/>
    <property name="sun.boot.class.path" value="C:\Program Files (x86)\Java\jdk1.8.0_311\jre\lib\resources.jar;C:\Program Files (x86)\Java\jdk1.8.0_311\jre\lib\rt.jar;C:\Program Files (x86)\Java\jdk1.8.0_311\jre\lib\sunrsasign.jar;C:\Program Files (x86)\Java\jdk1.8.0_311\jre\lib\jsse.jar;C:\Program Files (x86)\Java\jdk1.8.0_311\jre\lib\jce.jar;C:\Program Files (x86)\Java\jdk1.8.0_311\jre\lib\charsets.jar;C:\Program Files (x86)\Java\jdk1.8.0_311\jre\lib\jfr.jar;C:\Program Files (x86)\Java\jdk1.8.0_311\jre\classes"/>
    <property name="PATH+JDK" value="C:\Program Files (x86)\Java\jdk1.8.0_311/bin"/>
    <property name="user.country" value="US"/>
    <property name="POM_PACKAGING" value="jar"/>
    <property name="maven.home" value="C:\Users\Gavin.Broussard\.jenkins\tools\hudson.tasks.Maven_MavenInstallation\Maven"/>
    <property name="JOB_BASE_NAME" value="Maven project"/>
    <property name="java.vendor" value="Oracle Corporation"/>
    <property name="POM_DISPLAYNAME" value="PerficientGDCSeleniumFrameworkMaven"/>
    <property name="java.specification.version" value="1.8"/>
    <property name="sun.arch.data.model" value="32"/>
    <property name="GIT_URL" value="https://github.com/brousgavin16/XBOXproject.git"/>
  </properties>
</testsuite>